
> psychage-web@0.1.0 build /Users/raiyanabdullah/Desktop/psychage-v2
> tsc && pnpm run verify:routes && vite build


> psychage-web@0.1.0 verify:routes /Users/raiyanabdullah/Desktop/psychage-v2
> tsx scripts/verify-routes.ts

🔍 Verifying route mappings...

✅ All tools have valid routes
✅ 11 tools verified
✅ 11 route mappings validated

vite v5.4.21 building for production...
transforming...
✓ 5009 modules transformed.
rendering chunks...
computing gzip size...
dist/admin.html                                        1.92 kB │ gzip:     0.83 kB
dist/index.html                                        7.28 kB │ gzip:     2.11 kB
dist/assets/C-6-B_DnoHv3.jpeg                        367.09 kB
dist/assets/C-4-CTArGmiN.jpeg                        381.67 kB
dist/assets/C-7-D3yNBSKv.jpeg                        416.01 kB
dist/assets/C-3-DUU8Z3Uw.jpeg                        445.19 kB
dist/assets/B-9-DD3sheMY.jpeg                        461.01 kB
dist/assets/C-1-BTSy2dy1.jpeg                        461.61 kB
dist/assets/C-5-CjszdCxF.jpeg                        475.78 kB
dist/assets/B-7-Bo9thC8I.jpeg                        496.37 kB
dist/assets/B-2-H2bWBtSb.jpeg                        504.74 kB
dist/assets/A-3-BVr28a2a.jpeg                        509.90 kB
dist/assets/A-1-TTS-Yt86.jpeg                        511.88 kB
dist/assets/B-5-Dva4K7T7.jpeg                        515.15 kB
dist/assets/A-8-nqmkX8Lx.jpeg                        534.77 kB
dist/assets/A-5-D5zIPYhk.jpeg                        535.16 kB
dist/assets/B-8-BW7sBScY.jpeg                        537.06 kB
dist/assets/B-6-E852nry8.jpeg                        539.67 kB
dist/assets/B-4-BkFNHKWj.jpeg                        545.88 kB
dist/assets/B-11-BWWL7q1u.jpeg                       546.08 kB
dist/assets/B-12-B6X4eKH6.jpeg                       554.95 kB
dist/assets/A-7-g3yylR7l.jpeg                        561.24 kB
dist/assets/A-4-3ciFQk2I.jpeg                        567.97 kB
dist/assets/A-6-B-TviWkM.jpeg                        569.68 kB
dist/assets/B-1-Cy2aYk0W.jpeg                        572.73 kB
dist/assets/C-2-DQ64Z8aK.jpeg                        582.70 kB
dist/assets/B-10-DCkILIS3.jpeg                       688.73 kB
dist/assets/A-2-BQRdhjok.jpeg                        698.95 kB
dist/assets/B-3-8-b3Mq00.jpeg                        716.36 kB
dist/assets/ArticlePage-BzdPfDyH.css                   4.78 kB │ gzip:     1.26 kB
dist/assets/TiptapEditor-DdZMcFbp.css                  6.23 kB │ gzip:     1.82 kB
dist/assets/globals-DE5wMcR2.css                     284.61 kB │ gzip:    37.49 kB
dist/assets/useAdminNavigate-CiR1PWVy.js               0.07 kB │ gzip:     0.09 kB
dist/assets/articleUrl-B5S-83LS.js                     0.12 kB │ gzip:     0.10 kB
dist/assets/minus-B6qBb0ke.js                          0.30 kB │ gzip:     0.24 kB
dist/assets/check-DJhoXFzc.js                          0.30 kB │ gzip:     0.25 kB
dist/assets/chevron-down-DDPGRntj.js                   0.31 kB │ gzip:     0.25 kB
dist/assets/chevron-up-BSUNiWKq.js                     0.31 kB │ gzip:     0.25 kB
dist/assets/chevron-right-WTse0mec.js                  0.31 kB │ gzip:     0.25 kB
dist/assets/chevron-left-B5MLBmko.js                   0.31 kB │ gzip:     0.26 kB
dist/assets/recentlyRead-DdA5KLVt.js                   0.31 kB │ gzip:     0.24 kB
dist/assets/play-DqgKSGr9.js                           0.31 kB │ gzip:     0.26 kB
dist/assets/loader-circle-a7fSCUZX.js                  0.32 kB │ gzip:     0.27 kB
dist/assets/plus-BCO_dxcg.js                           0.33 kB │ gzip:     0.26 kB
dist/assets/x-oZ9JqpeM.js                              0.33 kB │ gzip:     0.26 kB
dist/assets/useSleepScore-B0KaHJmb.js                  0.34 kB │ gzip:     0.27 kB
dist/assets/filter-DqhwrNpH.js                         0.34 kB │ gzip:     0.27 kB
dist/assets/arrow-right-CuUSJcwq.js                    0.34 kB │ gzip:     0.27 kB
dist/assets/arrow-left-CXVAb77g.js                     0.34 kB │ gzip:     0.27 kB
dist/assets/arrow-down-Do5_zLDj.js                     0.34 kB │ gzip:     0.27 kB
dist/assets/search-ChEraZem.js                         0.35 kB │ gzip:     0.27 kB
dist/assets/send-Rxii8h-I.js                           0.35 kB │ gzip:     0.27 kB
dist/assets/ban-Cno-Mais.js                            0.35 kB │ gzip:     0.27 kB
dist/assets/BarChart-CD00Y7oy.js                       0.35 kB │ gzip:     0.25 kB
dist/assets/circle-check-MMKCcrDN.js                   0.35 kB │ gzip:     0.27 kB
dist/assets/message-square-Cb0emcif.js                 0.36 kB │ gzip:     0.28 kB
dist/assets/clock-BqrqeYLx.js                          0.36 kB │ gzip:     0.28 kB
dist/assets/useReducedMotion-NdaWCjmS.js               0.37 kB │ gzip:     0.24 kB
dist/assets/StreakTracker-Bw9v8F7Y.js                  0.37 kB │ gzip:     0.29 kB
dist/assets/clsx-B-dksMZM.js                           0.37 kB │ gzip:     0.24 kB
dist/assets/circle-check-big-CtXM54mN.js               0.38 kB │ gzip:     0.29 kB
dist/assets/skip-forward-CrZyLbtq.js                   0.38 kB │ gzip:     0.29 kB
dist/assets/map-pin-B1pPaDDV.js                        0.38 kB │ gzip:     0.30 kB
dist/assets/rotate-ccw-DS0rriJ1.js                     0.38 kB │ gzip:     0.29 kB
dist/assets/circle-x-Cga2zoPX.js                       0.38 kB │ gzip:     0.28 kB
dist/assets/trending-up-DYXB6FTb.js                    0.38 kB │ gzip:     0.29 kB
dist/assets/lock-7vsxbMOF.js                           0.39 kB │ gzip:     0.30 kB
dist/assets/trending-down-CeVgaY1p.js                  0.39 kB │ gzip:     0.29 kB
dist/assets/bell-Xsr-J4UM.js                           0.39 kB │ gzip:     0.30 kB
dist/assets/star-Ddb_pKi2.js                           0.39 kB │ gzip:     0.30 kB
dist/assets/pause-D2cA-5aw.js                          0.39 kB │ gzip:     0.28 kB
dist/assets/pill-CVhQm7CL.js                           0.39 kB │ gzip:     0.29 kB
dist/assets/mail-Ccu7wuQr.js                           0.40 kB │ gzip:     0.31 kB
dist/assets/index-OuhMLvSr.js                          0.40 kB │ gzip:     0.27 kB
dist/assets/ellipsis-BuqMQapN.js                       0.40 kB │ gzip:     0.27 kB
dist/assets/book-open-CF1X9TxZ.js                      0.40 kB │ gzip:     0.30 kB
dist/assets/panels-top-left-BLInpcQZ.js                0.41 kB │ gzip:     0.30 kB
dist/assets/copy-DO6iWGF5.js                           0.41 kB │ gzip:     0.31 kB
dist/assets/circle-help-GlEk_hM-.js                    0.41 kB │ gzip:     0.31 kB
dist/assets/useProviderFilters-COLfDQxB.js             0.42 kB │ gzip:     0.23 kB
dist/assets/heart-vlDfcYEQ.js                          0.42 kB │ gzip:     0.32 kB
dist/assets/globe-Cy0hBQd_.js                          0.42 kB │ gzip:     0.30 kB
dist/assets/auditLogger-BFvloRs8.js                    0.42 kB │ gzip:     0.29 kB
dist/assets/settings-2-CgVxaZM-.js                     0.43 kB │ gzip:     0.30 kB
dist/assets/video-BJ6a148h.js                          0.43 kB │ gzip:     0.32 kB
dist/assets/camera-CbGtQwwx.js                         0.43 kB │ gzip:     0.32 kB
dist/assets/circle-alert-BrahQxeJ.js                   0.43 kB │ gzip:     0.29 kB
dist/assets/chart-column-CfuvqS0p.js                   0.43 kB │ gzip:     0.30 kB
dist/assets/external-link-1_OjGSjf.js                  0.43 kB │ gzip:     0.31 kB
dist/assets/compass-QiwTADjU.js                        0.43 kB │ gzip:     0.32 kB
dist/assets/eye-BUWJt_yP.js                            0.43 kB │ gzip:     0.31 kB
dist/assets/wind-DJlGT1Tz.js                           0.43 kB │ gzip:     0.30 kB
dist/assets/user-check-DWomnHUX.js                     0.43 kB │ gzip:     0.32 kB
dist/assets/search-x-CyPpE2D4.js                       0.44 kB │ gzip:     0.31 kB
dist/assets/calendar-DZtJqhYy.js                       0.44 kB │ gzip:     0.31 kB
dist/assets/upload-BiI2xA_L.js                         0.44 kB │ gzip:     0.32 kB
dist/assets/log-in-CEUXN8li.js                         0.44 kB │ gzip:     0.32 kB
dist/assets/wrench-DjmBxHU_.js                         0.44 kB │ gzip:     0.31 kB
dist/assets/download-BR0NMCMz.js                       0.44 kB │ gzip:     0.32 kB
dist/assets/triangle-alert-VBUyc3fF.js                 0.44 kB │ gzip:     0.32 kB
dist/assets/PageHeader-DutOCvYo.js                     0.45 kB │ gzip:     0.28 kB
dist/assets/shield-S6JElf03.js                         0.45 kB │ gzip:     0.33 kB
dist/assets/award-DYIzvEUl.js                          0.45 kB │ gzip:     0.34 kB
dist/assets/git-branch-9Yeg-G64.js                     0.45 kB │ gzip:     0.32 kB
dist/assets/pencil-CtI0D_L0.js                         0.46 kB │ gzip:     0.33 kB
dist/assets/pen-line-DXt13-9E.js                       0.46 kB │ gzip:     0.33 kB
dist/assets/list-checks-CdUB0VaD.js                    0.46 kB │ gzip:     0.30 kB
dist/assets/flame-B4uE5WLu.js                          0.46 kB │ gzip:     0.34 kB
dist/assets/cloud-rain-B1TTTdeT.js                     0.46 kB │ gzip:     0.32 kB
dist/assets/lightbulb-CW6DynYi.js                      0.47 kB │ gzip:     0.33 kB
dist/assets/smile-B7IZdfJj.js                          0.47 kB │ gzip:     0.32 kB
dist/assets/thumbs-up-QBtW0YWb.js                      0.48 kB │ gzip:     0.34 kB
dist/assets/thumbs-down-C2au8nBa.js                    0.48 kB │ gzip:     0.35 kB
dist/assets/clipboard-check-CipnI8dk.js                0.48 kB │ gzip:     0.34 kB
dist/assets/users-y1cXYWrU.js                          0.48 kB │ gzip:     0.33 kB
dist/assets/coffee-DmHddgsl.js                         0.48 kB │ gzip:     0.32 kB
dist/assets/scissors-DROGtkcd.js                       0.49 kB │ gzip:     0.32 kB
dist/assets/flask-conical-BNYwv5Ya.js                  0.49 kB │ gzip:     0.35 kB
dist/assets/user-plus-DwsssN0H.js                      0.49 kB │ gzip:     0.34 kB
dist/assets/shield-check-DRv8tWpB.js                   0.50 kB │ gzip:     0.36 kB
dist/assets/refresh-cw-C7cq8cec.js                     0.50 kB │ gzip:     0.33 kB
dist/assets/save-C9mH-eBj.js                           0.51 kB │ gzip:     0.33 kB
dist/assets/file-text-yVJ4dPBE.js                      0.51 kB │ gzip:     0.32 kB
dist/assets/folder-kanban-BG1085F2.js                  0.53 kB │ gzip:     0.35 kB
dist/assets/layout-dashboard-BOnSOKD6.js               0.53 kB │ gzip:     0.31 kB
dist/assets/share-2-09GeY_Qg.js                        0.53 kB │ gzip:     0.34 kB
dist/assets/shield-alert-BlpwREhd.js                   0.53 kB │ gzip:     0.37 kB
dist/assets/trash-2-BaMr0TD8.js                        0.54 kB │ gzip:     0.35 kB
dist/assets/ToastContext-DIZGlv5b.js                   0.54 kB │ gzip:     0.28 kB
dist/assets/crown-BjvoMMSC.js                          0.54 kB │ gzip:     0.36 kB
dist/assets/layers-CKYbzaNT.js                         0.54 kB │ gzip:     0.34 kB
dist/assets/grip-vertical-BuyEpNcY.js                  0.55 kB │ gzip:     0.30 kB
dist/assets/network-Pzs5SUzr.js                        0.56 kB │ gzip:     0.34 kB
dist/assets/LiveRegion-BuRFhNMN.js                     0.58 kB │ gzip:     0.36 kB
dist/assets/clipboard-list-BRxTogrm.js                 0.59 kB │ gzip:     0.36 kB
dist/assets/list-BS7dHPpE.js                           0.59 kB │ gzip:     0.32 kB
dist/assets/sunrise-ClSd3pkq.js                        0.60 kB │ gzip:     0.36 kB
dist/assets/eye-off-BU_K1YD0.js                        0.61 kB │ gzip:     0.38 kB
dist/assets/building-2-DcpEHwor.js                     0.62 kB │ gzip:     0.36 kB
dist/assets/wifi-off-bzbuaUlZ.js                       0.64 kB │ gzip:     0.38 kB
dist/assets/pen-tool-CebTRYrh.js                       0.65 kB │ gzip:     0.40 kB
dist/assets/notebook-pen-Dy8T_065.js                   0.66 kB │ gzip:     0.40 kB
dist/assets/withFallback-CKP5HvM8.js                   0.68 kB │ gzip:     0.31 kB
dist/assets/sparkles-DktldeZc.js                       0.69 kB │ gzip:     0.40 kB
dist/assets/PortalSettings-CJ_zOkeR.js                 0.72 kB │ gzip:     0.42 kB
dist/assets/StreamingCursor-BA7zcSDW.js                0.73 kB │ gzip:     0.46 kB
dist/assets/LogoIcon-r2W8PSPx.js                       0.74 kB │ gzip:     0.34 kB
dist/assets/dumbbell-BHc0jQIx.js                       0.74 kB │ gzip:     0.40 kB
dist/assets/log-out-Cl0B9AMF.js                        0.80 kB │ gzip:     0.41 kB
dist/assets/useAdminAuth-Cy19SifB.js                   0.81 kB │ gzip:     0.49 kB
dist/assets/Badge-C36RvqjW.js                          0.82 kB │ gzip:     0.43 kB
dist/assets/SpecialtyTag-C81C-Rwx.js                   0.86 kB │ gzip:     0.49 kB
dist/assets/settings-37Hhgv7c.js                       0.91 kB │ gzip:     0.45 kB
dist/assets/brain-D7qcJITG.js                          0.91 kB │ gzip:     0.47 kB
dist/assets/headphones-DUeG2O8-.js                     0.94 kB │ gzip:     0.43 kB
dist/assets/Input-XdewxmdO.js                          0.95 kB │ gzip:     0.56 kB
dist/assets/InteractiveCard-CINvLU-p.js                0.95 kB │ gzip:     0.60 kB
dist/assets/brain-circuit-vo1Aqh9_.js                  0.98 kB │ gzip:     0.51 kB
dist/assets/scoring-CTDoKhGn.js                        0.98 kB │ gzip:     0.37 kB
dist/assets/use-transform-C3lKZPdX.js                  1.02 kB │ gzip:     0.58 kB
dist/assets/MoodSlider-BuuTtUyQ.js                     1.03 kB │ gzip:     0.59 kB
dist/assets/index-uoQFyV9f.js                          1.08 kB │ gzip:     0.60 kB
dist/assets/Card-Boakb_I4.js                           1.21 kB │ gzip:     0.56 kB
dist/assets/animations-BUh9O3cz.js                     1.29 kB │ gzip:     0.44 kB
dist/assets/TrendChart-DHvb6-E1.js                     1.37 kB │ gzip:     0.76 kB
dist/assets/ConversationReview-CZ4Mgv2g.js             1.38 kB │ gzip:     0.66 kB
dist/assets/StatusBadge-BgYM56Bg.js                    1.38 kB │ gzip:     0.67 kB
dist/assets/useNPIVerification-b7TD1uyI.js             1.45 kB │ gzip:     0.81 kB
dist/assets/newsletterService-BLvlByy-.js              1.45 kB │ gzip:     0.50 kB
dist/assets/SleepDisclaimer-Bgc1asUs.js                1.51 kB │ gzip:     0.75 kB
dist/assets/onboardingService-BrNLLEWx.js              1.54 kB │ gzip:     0.72 kB
dist/assets/createLucideIcon-Bw1wsJBW.js               1.56 kB │ gzip:     0.65 kB
dist/assets/DisclaimerBanner-C-6tifzB.js               1.68 kB │ gzip:     0.83 kB
dist/assets/PortalSubscription-CepXq5bz.js             1.76 kB │ gzip:     0.83 kB
dist/assets/ConfirmDialog-Do1ChJZN.js                  1.77 kB │ gzip:     0.83 kB
dist/assets/PortalAnalytics-ErMfkImn.js                1.80 kB │ gzip:     0.76 kB
dist/assets/ProviderSidebar-CI6cfiXJ.js                1.87 kB │ gzip:     0.86 kB
dist/assets/ReadOnlyChart-35M6ZCgx.js                  1.91 kB │ gzip:     0.84 kB
dist/assets/ArticleRedirect-CSdOSySS.js                2.02 kB │ gzip:     1.03 kB
dist/assets/homeImages-DQGXOEmV.js                     2.09 kB │ gzip:     1.04 kB
dist/assets/PortalReviews-CabDZKRN.js                  2.10 kB │ gzip:     0.86 kB
dist/assets/Alert-C1o1zD85.js                          2.22 kB │ gzip:     0.99 kB
dist/assets/zap-DMDr25x6.js                            2.26 kB │ gzip:     0.74 kB
dist/assets/CrisisResourceCard-DqURTkLN.js             2.36 kB │ gzip:     1.00 kB
dist/assets/ConsentCheckboxes-Bp2Ode0J.js              2.40 kB │ gzip:     0.98 kB
dist/assets/AuthCallback-9do85qdw.js                   2.47 kB │ gzip:     1.03 kB
dist/assets/ArticleTypeSelector-BQlGjNKA.js            2.67 kB │ gzip:     1.10 kB
dist/assets/Label-B5_4peCx.js                          2.72 kB │ gzip:     1.30 kB
dist/assets/SitemapPage-Cb_0QoXM.js                    2.82 kB │ gzip:     1.12 kB
dist/assets/FeedbackWidget-CMFFy8uc.js                 2.86 kB │ gzip:     1.10 kB
dist/assets/index-DNSpDvCL.js                          2.99 kB │ gzip:     1.23 kB
dist/assets/useMutation-Brry91fP.js                    3.10 kB │ gzip:     1.28 kB
dist/assets/PortalVerification-BgWfYS-f.js             3.11 kB │ gzip:     1.18 kB
dist/assets/UserSidebar-_YxwpMDQ.js                    3.14 kB │ gzip:     1.29 kB
dist/assets/useProviderPortal-BozPUwrI.js              3.14 kB │ gzip:     1.26 kB
dist/assets/SEO-BGuvB44W.js                            3.36 kB │ gzip:     1.22 kB
dist/assets/privacyService-R2gPiuly.js                 3.41 kB │ gzip:     1.04 kB
dist/assets/moodService-C0zh2OQ7.js                    3.45 kB │ gzip:     1.17 kB
dist/assets/ProviderSearchBar-Dl8o5Lvr.js              3.74 kB │ gzip:     1.61 kB
dist/assets/ConditionList-CD418Moq.js                  3.77 kB │ gzip:     1.51 kB
dist/assets/toolService-C-A70c8l.js                    3.83 kB │ gzip:     1.66 kB
dist/assets/heart-pulse-BirG0vqr.js                    3.83 kB │ gzip:     1.83 kB
dist/assets/CrisisResourcesScreen-CwWaYQjj.js          3.95 kB │ gzip:     1.76 kB
dist/assets/ArticleCard-BsWx-3hm.js                    3.97 kB │ gzip:     1.86 kB
dist/assets/constants-BIZIimbH.js                      4.14 kB │ gzip:     1.40 kB
dist/assets/AdvisoryBoardPage-4Et8K8Tz.js              4.17 kB │ gzip:     1.68 kB
dist/assets/ContentList-DqEsQX1-.js                    4.19 kB │ gzip:     1.73 kB
dist/assets/AuthorProfilePage-6YtXOsBi.js              4.25 kB │ gzip:     1.57 kB
dist/assets/BulkImport-DmoqU8Pc.js                     4.29 kB │ gzip:     1.89 kB
dist/assets/JournalInsights-CkoLK-0n.js                4.30 kB │ gzip:     1.75 kB
dist/assets/authors-CGDadc6V.js                        4.44 kB │ gzip:     1.58 kB
dist/assets/ResetPasswordPage-MIHs-KMm.js              4.50 kB │ gzip:     1.85 kB
dist/assets/ArticleQualityMap-DgeZxRWr.js              4.70 kB │ gzip:     1.87 kB
dist/assets/ArticlePipeline-DVBboYow.js                4.73 kB │ gzip:     2.01 kB
dist/assets/SafetyDashboard-BnLIUPAp.js                4.82 kB │ gzip:     1.25 kB
dist/assets/JournalHistory-BMfORIt6.js                 4.89 kB │ gzip:     2.01 kB
dist/assets/ProviderProfileEditor-DqqZaU-v.js          4.96 kB │ gzip:     2.13 kB
dist/assets/LegalPages-B_Yvibx4.js                     5.16 kB │ gzip:     2.28 kB
dist/assets/TrendingListItem-CsTqnp_B.js               5.16 kB │ gzip:     1.58 kB
dist/assets/PortalLayout-DTK_6SWR.js                   5.17 kB │ gzip:     2.15 kB
dist/assets/ArticleCategories-DZf_N5gY.js              5.27 kB │ gzip:     2.03 kB
dist/assets/index-CZuB4Cf8.js                          5.28 kB │ gzip:     2.30 kB
dist/assets/Breadcrumbs-BxikWQZR.js                    5.46 kB │ gzip:     1.45 kB
dist/assets/ProviderDashboard-qrhLeNSz.js              5.57 kB │ gzip:     2.09 kB
dist/assets/ApplicationReview-BFMxV_7_.js              5.90 kB │ gzip:     2.02 kB
dist/assets/AuditLog-B-z9bp7b.js                       5.94 kB │ gzip:     2.23 kB
dist/assets/ThoughtRecord-BpP8DJGg.js                  6.07 kB │ gzip:     2.05 kB
dist/assets/UserManagement-Bi60od7a.js                 6.11 kB │ gzip:     2.28 kB
dist/assets/constants-Be-VS5HQ.js                      6.19 kB │ gzip:     2.23 kB
dist/assets/ToolCard-D6ftrfoR.js                       6.24 kB │ gzip:     2.25 kB
dist/assets/ArticleBreakdown-ZgXp3XHv.js               6.27 kB │ gzip:     2.32 kB
dist/assets/ArticleCategoryPage-sisScUcK.js            6.43 kB │ gzip:     2.56 kB
dist/assets/ArticleCitationReport-DoelLCjG.js          6.47 kB │ gzip:     2.25 kB
dist/assets/clarityScoreService-CYRavD3p.js            6.55 kB │ gzip:     3.03 kB
dist/assets/WeeklyScreening-DYxa_4W8.js                6.62 kB │ gzip:     2.42 kB
dist/assets/TopicClusters-CepSUrQf.js                  6.63 kB │ gzip:     2.56 kB
dist/assets/DailyCheckIn-BXU291Lb.js                   6.63 kB │ gzip:     2.49 kB
dist/assets/AboutPage-CO1VoWGD.js                      6.67 kB │ gzip:     2.50 kB
dist/assets/BehavioralActivation-CkKYR671.js           6.76 kB │ gzip:     2.65 kB
dist/assets/CartesianGrid-D1Inbxof.js                  6.82 kB │ gzip:     2.38 kB
dist/assets/useClarityJournal-Bt5HzQNR.js              6.86 kB │ gzip:     2.72 kB
dist/assets/ContentWorld-DoJH7ixW.js                   6.87 kB │ gzip:     2.74 kB
dist/assets/WeeklyReflection-CtcMDr7e.js               7.07 kB │ gzip:     2.61 kB
dist/assets/api-DvExlcKl.js                            7.10 kB │ gzip:     2.01 kB
dist/assets/TriggerLog-CwbVtm07.js                     7.10 kB │ gzip:     2.63 kB
dist/assets/SleepInsights-Gk4VmRkJ.js                  7.14 kB │ gzip:     2.60 kB
dist/assets/ArticleTree-Dq5tqAJI.js                    7.14 kB │ gzip:     2.42 kB
dist/assets/ProviderList-DwgJog7h.js                   7.21 kB │ gzip:     2.63 kB
dist/assets/ToolsPage-DZ90KyEu.js                      7.55 kB │ gzip:     3.00 kB
dist/assets/SymptomList-CFJ-ouH-.js                    7.73 kB │ gzip:     2.52 kB
dist/assets/CrisisKeywords-BmNoheH-.js                 7.83 kB │ gzip:     2.53 kB
dist/assets/Settings-C2Jalgbb.js                       7.85 kB │ gzip:     2.68 kB
dist/assets/ProviderPatients-B4otzWMB.js               7.91 kB │ gzip:     2.99 kB
dist/assets/UpdatePasswordPage-DXxszTEX.js             8.09 kB │ gzip:     2.62 kB
dist/assets/CategoryPage-DZxg840n.js                   8.51 kB │ gzip:     2.84 kB
dist/assets/articleService-DOD_p4YR.js                 8.68 kB │ gzip:     3.32 kB
dist/assets/videoService-Wtc7hNba.js                   8.90 kB │ gzip:     3.43 kB
dist/assets/MappingMatrix-Dy_UEX4K.js                  9.23 kB │ gzip:     2.96 kB
dist/assets/WellnessToolbox-BJCTShPl.js                9.40 kB │ gzip:     3.10 kB
dist/assets/ContactPage-H-_BbJOu.js                    9.44 kB │ gzip:     3.03 kB
dist/assets/VideoDetail-BZTska-a.js                    9.45 kB │ gzip:     3.39 kB
dist/assets/BookmarksPage-Vw2FQeIc.js                  9.63 kB │ gzip:     3.29 kB
dist/assets/ContentEditor-sPKHSLKr.js                 10.22 kB │ gzip:     3.51 kB
dist/assets/ArticleList-DmYvHK36.js                   10.30 kB │ gzip:     3.30 kB
dist/assets/categoryService-D8uoesFq.js               10.32 kB │ gzip:     3.52 kB
dist/assets/LoginPage-BsxA7rdp.js                     10.38 kB │ gzip:     3.91 kB
dist/assets/categoryThemes-D72LBE52.js                10.39 kB │ gzip:     2.79 kB
dist/assets/useQuery-CxlDTq2m.js                      10.43 kB │ gzip:     3.72 kB
dist/assets/ProviderAnalytics-DnsUnlE6.js             10.48 kB │ gzip:     3.87 kB
dist/assets/ArticleCreator-DE5MjvBH.js                10.50 kB │ gzip:     3.25 kB
dist/assets/AuthModal-Dfn1-bpN.js                     10.55 kB │ gzip:     3.37 kB
dist/assets/Dashboard-JO7URwIP.js                     10.55 kB │ gzip:     3.24 kB
dist/assets/ProvidersLandingPage-CxV7A4t-.js          10.69 kB │ gzip:     3.55 kB
dist/assets/ArticleQualityDashboard-DXTJBjNY.js       10.98 kB │ gzip:     3.40 kB
dist/assets/index-DH8td0la.js                         11.00 kB │ gzip:     3.94 kB
dist/assets/dates-B1yFpzDT.js                         11.04 kB │ gzip:     3.89 kB
dist/assets/AreaChart-DBjTtb4k.js                     11.05 kB │ gzip:     4.10 kB
dist/assets/SleepOverview-C_ehI_Ko.js                 11.06 kB │ gzip:     3.20 kB
dist/assets/LineChart-Cdi2y9tn.js                     11.20 kB │ gzip:     4.33 kB
dist/assets/PortalProfile-Bqrl_Uoq.js                 11.20 kB │ gzip:     3.43 kB
dist/assets/AssessmentHistory-Wj3zk2ei.js             11.30 kB │ gzip:     3.49 kB
dist/assets/ToolRecommendation-iKj8aQdh.js            11.45 kB │ gzip:     3.03 kB
dist/assets/PieChart-CPvZDiKj.js                      11.69 kB │ gzip:     4.35 kB
dist/assets/RadarChart-Do8QKT0H.js                    11.81 kB │ gzip:     3.77 kB
dist/assets/ProviderClaimPage-D2ScTd3d.js             12.31 kB │ gzip:     3.84 kB
dist/assets/useMediaQuery-B4tL0W_A.js                 12.43 kB │ gzip:     3.73 kB
dist/assets/SignUpPage-BEcI-gGM.js                    13.73 kB │ gzip:     4.02 kB
dist/assets/SearchResults-Bf0aHA3c.js                 13.85 kB │ gzip:     4.57 kB
dist/assets/PrivacySettings-D052Wvhi.js               14.14 kB │ gzip:     4.77 kB
dist/assets/ConditionEditor-BcZYBQGg.js               14.16 kB │ gzip:     4.28 kB
dist/assets/CrisisPage-CvCVo3Zk.js                    14.17 kB │ gzip:     4.52 kB
dist/assets/PolarAngleAxis-KFMcwkXc.js                14.43 kB │ gzip:     4.01 kB
dist/assets/MindMate-BwmQiX1V.js                      14.78 kB │ gzip:     5.05 kB
dist/assets/OnboardingPage-PFg125bU.js                15.21 kB │ gzip:     4.96 kB
dist/assets/admin-CNCucKqF.js                         15.25 kB │ gzip:     4.98 kB
dist/assets/ContentStandardsPage-BuHTbq_i.js          16.10 kB │ gzip:     4.92 kB
dist/assets/index-kXM-L0ZJ.js                         16.35 kB │ gzip:     5.64 kB
dist/assets/AdminLayout-BQy3oC9h.js                   16.57 kB │ gzip:     5.48 kB
dist/assets/index-HV-et686.js                         17.58 kB │ gzip:     5.62 kB
dist/assets/YAxis-BZ03VZJR.js                         17.78 kB │ gzip:     4.79 kB
dist/assets/SleepDashboard-D0G-hP4i.js                18.01 kB │ gzip:     5.57 kB
dist/assets/sleepDiaryService-DGwSCcSX.js             19.86 kB │ gzip:     7.11 kB
dist/assets/PortalDashboard-BN9sETul.js               19.94 kB │ gzip:     6.48 kB
dist/assets/AdminOnboarding-D33V-ksv.js               19.95 kB │ gzip:     6.13 kB
dist/assets/utils-CKXzwFwe.js                         19.99 kB │ gzip:     6.73 kB
dist/assets/ProviderProfilePage-Dcxvmtap.js           20.39 kB │ gzip:     6.20 kB
dist/assets/AccountSettings-CWup8-wL.js               20.45 kB │ gzip:     5.66 kB
dist/assets/SleepTools-2alx_Hnt.js                    20.83 kB │ gzip:     6.14 kB
dist/assets/index-CVRn5uDb.js                         21.19 kB │ gzip:     7.81 kB
dist/assets/ProviderEditor-Lwfqhooj.js                22.36 kB │ gzip:     5.45 kB
dist/assets/purify.es-BgtpMKW3.js                     22.77 kB │ gzip:     8.75 kB
dist/assets/vendor-date-CC-_dH5a.js                   23.02 kB │ gzip:     6.45 kB
dist/assets/articleAdminService-DH9UcwJX.js           24.09 kB │ gzip:     6.04 kB
dist/assets/WindDown-BeSTqkY2.js                      24.24 kB │ gzip:     6.49 kB
dist/assets/SleepDiary-BUyNhK-t.js                    25.83 kB │ gzip:     6.31 kB
dist/assets/MoodJournal-n2jCHa1M.js                   26.10 kB │ gzip:     7.74 kB
dist/assets/index-b0yNtFEW.js                         28.05 kB │ gzip:    10.84 kB
dist/assets/HomePage-BxGnrn7T.js                      29.93 kB │ gzip:     8.35 kB
dist/assets/ForProvidersLandingPage-itkoJRa9.js       31.21 kB │ gzip:     8.21 kB
dist/assets/LearnPage-Cds6_C1m.js                     33.43 kB │ gzip:     9.69 kB
dist/assets/ReportConfigScreen-Dw4Zx8cB.js            34.64 kB │ gzip:    11.60 kB
dist/assets/ProviderApplyPage-C8WsEVgy.js             35.25 kB │ gzip:     9.32 kB
dist/assets/ProviderSearchPage-CoewZVf6.js            35.34 kB │ gzip:    10.12 kB
dist/assets/index-BQjyzT1F.js                         45.34 kB │ gzip:    10.76 kB
dist/assets/DailyEntryV2-DX2koN2I.js                  46.99 kB │ gzip:    11.90 kB
dist/assets/ArticlePage-ByqbaZLa.js                   50.48 kB │ gzip:    16.81 kB
dist/assets/vendor-i18n-Ck6WENZt.js                   50.70 kB │ gzip:    16.00 kB
dist/assets/DataTable-BnPFm_FD.js                     58.67 kB │ gzip:    16.02 kB
dist/assets/UserDashboard--jiqJiar.js                 59.28 kB │ gzip:    16.29 kB
dist/assets/ArticleDetail-Co8iXoPN.js                 61.51 kB │ gzip:    15.74 kB
dist/assets/vendor-charts-CjyqV0ll.js                 63.04 kB │ gzip:    20.58 kB
dist/assets/MindMate-D1YGg7rI.js                      76.35 kB │ gzip:    23.68 kB
dist/assets/schemas-Ch6cdjFM.js                       89.25 kB │ gzip:    26.68 kB
dist/assets/ClarityScoreTool-C1ojrA3D.js              97.37 kB │ gzip:    24.93 kB
dist/assets/mock_knowledge_base-CsZFmeSl.js          107.95 kB │ gzip:    17.46 kB
dist/assets/index-BoRDhmhh.js                        117.32 kB │ gzip:    34.14 kB
dist/assets/index-C_6YGVen.js                        117.66 kB │ gzip:    36.05 kB
dist/assets/NavigatorPage-VNc9YZDv.js                118.19 kB │ gzip:    33.57 kB
dist/assets/index.esm-NwBsjIel.js                    127.96 kB │ gzip:    42.77 kB
dist/assets/index.es-By07rM5N.js                     150.55 kB │ gzip:    51.30 kB
dist/assets/vendor-supabase-B07dSRCg.js              172.92 kB │ gzip:    44.67 kB
dist/assets/html2canvas.esm-CBrSDip1.js              201.42 kB │ gzip:    47.70 kB
dist/assets/TiptapEditor-CcBQsZHf.js                 242.82 kB │ gzip:    73.86 kB
dist/assets/vendor-editor-DQ6V95vg.js                250.87 kB │ gzip:    77.44 kB
dist/assets/globals-DOFVNbQ-.js                      255.11 kB │ gzip:    81.01 kB
dist/assets/generateCategoricalChart-DxVJKwCp.js     287.25 kB │ gzip:    76.82 kB
dist/assets/jspdf.es.min-C43_373y.js                 390.16 kB │ gzip:   127.10 kB
dist/assets/main-3JMLYyvO.js                         399.17 kB │ gzip:   107.61 kB
dist/assets/all-articles-DiPkby06.js              36,551.54 kB │ gzip: 9,631.15 kB

(!) Some chunks are larger than 600 kB after minification. Consider:
- Using dynamic import() to code-split the application
- Use build.rollupOptions.output.manualChunks to improve chunking: https://rollupjs.org/configuration-options/#output-manualchunks
- Adjust chunk size limit for this warning via build.chunkSizeWarningLimit.
✓ built in 19.37s
BASELINE_BUILD_EXIT=
BASELINE_BUILD_EXIT=0
